Using pre-set license
Built from '2020.3/staging' branch; Version is '2020.3.9f1 (108be757e447) revision 1084391'; Using compiler version '192528614'; Build Type 'Release'
OS: 'Windows 10 Pro; OS build 19042.1052; Version 2009; 64bit' Language: 'ru' Physical Memory: 16322 MB
BatchMode: 1, IsHumanControllingUs: 0, StartBugReporterOnCrash: 0, Is64bit: 1, IsPro: 0

 COMMAND LINE ARGUMENTS:
C:\Program Files\Unity\Hub\Editor\2020.3.9f1\Editor\Unity.exe
-adb2
-batchMode
-noUpm
-name
AssetImportWorker0
-projectPath
A:/Reactive Unity Games/MMO-RPG
-logFile
Logs/AssetImportWorker0.log
-srvPort
1044
Successfully changed project path to: A:/Reactive Unity Games/MMO-RPG
A:/Reactive Unity Games/MMO-RPG
Using Asset Import Pipeline V2.
Refreshing native plugins compatible for Editor in 41.22 ms, found 2 plugins.
Preloading 0 native plugins for Editor in 0.00 ms.
Initialize engine version: 2020.3.9f1 (108be757e447)
[Subsystems] Discovering subsystems at path C:/Program Files/Unity/Hub/Editor/2020.3.9f1/Editor/Data/Resources/UnitySubsystems
[Subsystems] Discovering subsystems at path A:/Reactive Unity Games/MMO-RPG/Assets
GfxDevice: creating device client; threaded=0
Direct3D:
    Version:  Direct3D 11.0 [level 11.1]
    Renderer: NVIDIA GeForce GTX 1050 (ID=0x1c81)
    Vendor:   
    VRAM:     1977 MB
    Driver:   30.0.14.7111
Initialize mono
Mono path[0] = 'C:/Program Files/Unity/Hub/Editor/2020.3.9f1/Editor/Data/Managed'
Mono path[1] = 'C:/Program Files/Unity/Hub/Editor/2020.3.9f1/Editor/Data/MonoBleedingEdge/lib/mono/unityjit'
Mono config path = 'C:/Program Files/Unity/Hub/Editor/2020.3.9f1/Editor/Data/MonoBleedingEdge/etc'
Using monoOptions --debugger-agent=transport=dt_socket,embedding=1,server=y,suspend=n,address=127.0.0.1:56024
Begin MonoManager ReloadAssembly
Registering precompiled unity dll's ...
Register platform support module: C:/Program Files/Unity/Hub/Editor/2020.3.9f1/Editor/Data/PlaybackEngines/WindowsStandaloneSupport/UnityEditor.WindowsStandalone.Extensions.dll
Registered in 0.001979 seconds.
Native extension for WindowsStandalone target not found
Refreshing native plugins compatible for Editor in 41.17 ms, found 2 plugins.
Preloading 0 native plugins for Editor in 0.00 ms.
Mono: successfully reloaded assembly
- Completed reload, in  1.797 seconds
Platform modules already initialized, skipping
Registering precompiled user dll's ...
Registered in 0.002764 seconds.
Begin MonoManager ReloadAssembly
Native extension for WindowsStandalone target not found
Refreshing native plugins compatible for Editor in 0.47 ms, found 2 plugins.
Preloading 0 native plugins for Editor in 0.00 ms.
Mono: successfully reloaded assembly
- Completed reload, in  1.016 seconds
Platform modules already initialized, skipping
========================================================================
Worker process is ready to serve import requests
Launched and connected shader compiler UnityShaderCompiler.exe after 0.05 seconds
Refreshing native plugins compatible for Editor in 0.47 ms, found 2 plugins.
Preloading 0 native plugins for Editor in 0.00 ms.
Unloading 1422 Unused Serialized files (Serialized files now loaded: 0)
System memory in use before: 70.6 MB.
System memory in use after: 70.6 MB.

Unloading 20 unused Assets to reduce memory usage. Loaded Objects now: 1866.
Total: 2.277700 ms (FindLiveObjects: 0.135600 ms CreateObjectMapping: 0.040000 ms MarkObjects: 2.005800 ms  DeleteObjects: 0.095100 ms)

========================================================================
Received Import Request.
  path: Assets/material/weaponsColor.png
  artifactKey: Guid(234ee1523c02a384fb3f87e0b4590fee) Importer(815301076,1909f56bfc062723c751e8b465ee728b)
Start importing Assets/material/weaponsColor.png using Guid(234ee1523c02a384fb3f87e0b4590fee) Importer(815301076,1909f56bfc062723c751e8b465ee728b)  -> (artifact id: '28570cbe6ce4fc575bb837830f2483bf') in 0.140297 seconds
  Import took 0.142709 seconds .

========================================================================
Received Import Request.
  Time since last request: 0.000466 seconds.
  path: Assets/material/knight1Specular.png
  artifactKey: Guid(d177fc6980652e545b45d6aaa984c78f) Importer(815301076,1909f56bfc062723c751e8b465ee728b)
Start importing Assets/material/knight1Specular.png using Guid(d177fc6980652e545b45d6aaa984c78f) Importer(815301076,1909f56bfc062723c751e8b465ee728b)  -> (artifact id: 'b2a71a165faf5a9f7341f78f816684b5') in 0.017628 seconds
  Import took 0.020096 seconds .

========================================================================
Received Import Request.
  Time since last request: 0.000304 seconds.
  path: Assets/material
  artifactKey: Guid(85029077950014b49b71ceea8457dd52) Importer(815301076,1909f56bfc062723c751e8b465ee728b)
Start importing Assets/material using Guid(85029077950014b49b71ceea8457dd52) Importer(815301076,1909f56bfc062723c751e8b465ee728b)  -> (artifact id: '4e9e8eb806fe73b833c630f3eabc93a3') in 0.003796 seconds
  Import took 0.006051 seconds .

========================================================================
Received Import Request.
  Time since last request: 0.000280 seconds.
  path: Assets/material/weaponsSpecular.png
  artifactKey: Guid(c40717d6c5f94cb45882518d3bb7fe98) Importer(815301076,1909f56bfc062723c751e8b465ee728b)
Start importing Assets/material/weaponsSpecular.png using Guid(c40717d6c5f94cb45882518d3bb7fe98) Importer(815301076,1909f56bfc062723c751e8b465ee728b)  -> (artifact id: '43275d14835b08aa0eb54c31633919f9') in 0.014958 seconds
  Import took 0.017524 seconds .

========================================================================
Received Import Request.
  Time since last request: 0.000296 seconds.
  path: Assets/material/clothColor.png
  artifactKey: Guid(b14c36b85baa98c45901e6cbc51f8e10) Importer(815301076,1909f56bfc062723c751e8b465ee728b)
Start importing Assets/material/clothColor.png using Guid(b14c36b85baa98c45901e6cbc51f8e10) Importer(815301076,1909f56bfc062723c751e8b465ee728b)  -> (artifact id: '75d251c44f501bbb74cbe6debaeedbc3') in 0.014404 seconds
  Import took 0.017054 seconds .

========================================================================
Received Import Request.
  Time since last request: 0.000307 seconds.
  path: Assets/material/knight1Color.png
  artifactKey: Guid(eaea9e4a2e482714894760d861ba8cf3) Importer(815301076,1909f56bfc062723c751e8b465ee728b)
Start importing Assets/material/knight1Color.png using Guid(eaea9e4a2e482714894760d861ba8cf3) Importer(815301076,1909f56bfc062723c751e8b465ee728b)  -> (artifact id: '276b1b6a2ceedb1ae8568a54d5d7e1d5') in 0.016639 seconds
  Import took 0.020080 seconds .

========================================================================
Received Import Request.
  Time since last request: 0.003446 seconds.
  path: Assets/material/knight1Color.png
  artifactKey: Guid(eaea9e4a2e482714894760d861ba8cf3) Importer(815301076,1909f56bfc062723c751e8b465ee728b)
Start importing Assets/material/knight1Color.png using Guid(eaea9e4a2e482714894760d861ba8cf3) Importer(815301076,1909f56bfc062723c751e8b465ee728b)  -> (artifact id: '276b1b6a2ceedb1ae8568a54d5d7e1d5') in 0.010316 seconds
  Import took 0.012819 seconds .

========================================================================
Received Import Request.
  Time since last request: 2.659627 seconds.
  path: Assets/material/Materials
  artifactKey: Guid(83d05966e80b78c4e9c08aa4615a9224) Importer(815301076,1909f56bfc062723c751e8b465ee728b)
Start importing Assets/material/Materials using Guid(83d05966e80b78c4e9c08aa4615a9224) Importer(815301076,1909f56bfc062723c751e8b465ee728b)  -> (artifact id: 'b9758240c64cb9562f09a47e14a045a1') in 0.005036 seconds
  Import took 0.007452 seconds .

========================================================================
Received Import Request.
  Time since last request: 0.063769 seconds.
  path: Assets/material/Materials/clothColor.mat
  artifactKey: Guid(6f98db779f8f8cb48abef5b27da05383) Importer(815301076,1909f56bfc062723c751e8b465ee728b)
Start importing Assets/material/Materials/clothColor.mat using Guid(6f98db779f8f8cb48abef5b27da05383) Importer(815301076,1909f56bfc062723c751e8b465ee728b)  -> (artifact id: '58e7d6a995450c55222aec2e841492d0') in 0.062846 seconds
  Import took 0.065289 seconds .

========================================================================
Received Import Request.
  Time since last request: 0.000268 seconds.
  path: Assets/material/Materials/knight1Color.mat
  artifactKey: Guid(2e5074f7d9b72b743bef219831321ee6) Importer(815301076,1909f56bfc062723c751e8b465ee728b)
Start importing Assets/material/Materials/knight1Color.mat using Guid(2e5074f7d9b72b743bef219831321ee6) Importer(815301076,1909f56bfc062723c751e8b465ee728b)  -> (artifact id: 'd717b1ecd4f40ba2aa1d0ccfb91b816f') in 0.011872 seconds
  Import took 0.014290 seconds .

========================================================================
Received Import Request.
  Time since last request: 0.000266 seconds.
  path: Assets/material/Materials/weaponsColor.mat
  artifactKey: Guid(70fce50814ddb4846bb42d6558f5c292) Importer(815301076,1909f56bfc062723c751e8b465ee728b)
Start importing Assets/material/Materials/weaponsColor.mat using Guid(70fce50814ddb4846bb42d6558f5c292) Importer(815301076,1909f56bfc062723c751e8b465ee728b)  -> (artifact id: '22b0980ec86455744938929e45b26466') in 0.011848 seconds
  Import took 0.014912 seconds .

========================================================================
Received Import Request.
  Time since last request: 0.000436 seconds.
  path: Assets/material/Materials/knight1Specular.mat
  artifactKey: Guid(bff45f9f2a87aee489b45b6311022b5c) Importer(815301076,1909f56bfc062723c751e8b465ee728b)
Start importing Assets/material/Materials/knight1Specular.mat using Guid(bff45f9f2a87aee489b45b6311022b5c) Importer(815301076,1909f56bfc062723c751e8b465ee728b)  -> (artifact id: '1412a7f2b9c39564678000257c14db47') in 0.011512 seconds
  Import took 0.014640 seconds .

========================================================================
Received Prepare
Refreshing native plugins compatible for Editor in 2.17 ms, found 2 plugins.
Preloading 0 native plugins for Editor in 0.00 ms.
Unloading 13 Unused Serialized files (Serialized files now loaded: 0)
System memory in use before: 45.7 MB.
System memory in use after: 45.8 MB.

Unloading 13 unused Assets to reduce memory usage. Loaded Objects now: 1907.
Total: 2.431600 ms (FindLiveObjects: 0.144700 ms CreateObjectMapping: 0.047100 ms MarkObjects: 2.183900 ms  DeleteObjects: 0.054900 ms)

========================================================================
Received Import Request.
  Time since last request: 130.519016 seconds.
  path: Assets/AssetStore/Environmet
  artifactKey: Guid(4c6a5f8a397d9fa41af49618880f7b99) Importer(815301076,1909f56bfc062723c751e8b465ee728b)
Start importing Assets/AssetStore/Environmet using Guid(4c6a5f8a397d9fa41af49618880f7b99) Importer(815301076,1909f56bfc062723c751e8b465ee728b)  -> (artifact id: 'd60b23435f62c5157b5976a15bc7348d') in 0.003504 seconds
  Import took 0.006103 seconds .

========================================================================
Received Import Request.
  Time since last request: 6.482808 seconds.
  path: Assets/AssetStore/Enemy
  artifactKey: Guid(963b0219d0e87d340a0704dac9c7a163) Importer(815301076,1909f56bfc062723c751e8b465ee728b)
Start importing Assets/AssetStore/Enemy using Guid(963b0219d0e87d340a0704dac9c7a163) Importer(815301076,1909f56bfc062723c751e8b465ee728b)  -> (artifact id: '85e3f77da7007b392fa34e60351ee010') in 0.003903 seconds
  Import took 0.006585 seconds .

========================================================================
Received Import Request.
  Time since last request: 5.940497 seconds.
  path: Assets/AssetStore/Player
  artifactKey: Guid(0b0da1e5d4e53f3438575f7e317b2ea4) Importer(815301076,1909f56bfc062723c751e8b465ee728b)
Start importing Assets/AssetStore/Player using Guid(0b0da1e5d4e53f3438575f7e317b2ea4) Importer(815301076,1909f56bfc062723c751e8b465ee728b)  -> (artifact id: '19dffbb525ab769670034b70c42960df') in 0.004716 seconds
  Import took 0.007540 seconds .

========================================================================
Received Prepare
Registering precompiled user dll's ...
Registered in 0.003059 seconds.
Begin MonoManager ReloadAssembly
Native extension for WindowsStandalone target not found
Refreshing native plugins compatible for Editor in 0.55 ms, found 2 plugins.
Preloading 0 native plugins for Editor in 0.00 ms.
Mono: successfully reloaded assembly
- Completed reload, in  0.928 seconds
Platform modules already initialized, skipping
Refreshing native plugins compatible for Editor in 0.48 ms, found 2 plugins.
Preloading 0 native plugins for Editor in 0.00 ms.
Unloading 1412 Unused Serialized files (Serialized files now loaded: 0)
System memory in use before: 73.3 MB.
System memory in use after: 73.4 MB.

Unloading 15 unused Assets to reduce memory usage. Loaded Objects now: 1910.
Total: 2.032100 ms (FindLiveObjects: 0.183000 ms CreateObjectMapping: 0.054200 ms MarkObjects: 1.727800 ms  DeleteObjects: 0.066000 ms)

========================================================================
Received Import Request.
  Time since last request: 17.421345 seconds.
  path: Assets/prefab
  artifactKey: Guid(808de7ed6bcef224d948d294ef222c17) Importer(815301076,1909f56bfc062723c751e8b465ee728b)
Start importing Assets/prefab using Guid(808de7ed6bcef224d948d294ef222c17) Importer(815301076,1909f56bfc062723c751e8b465ee728b)  -> (artifact id: '6425ec65e0e5be8159cd95cf8b2e67df') in 0.005381 seconds
  Import took 0.007863 seconds .

========================================================================
Received Import Request.
  Time since last request: 0.007227 seconds.
  path: Assets/prefab
  artifactKey: Guid(808de7ed6bcef224d948d294ef222c17) Importer(815301076,1909f56bfc062723c751e8b465ee728b)
Start importing Assets/prefab using Guid(808de7ed6bcef224d948d294ef222c17) Importer(815301076,1909f56bfc062723c751e8b465ee728b)  -> (artifact id: '6425ec65e0e5be8159cd95cf8b2e67df') in 0.003204 seconds
  Import took 0.005591 seconds .

========================================================================
Received Import Request.
  Time since last request: 0.015678 seconds.
  path: Assets/prefab/DogPolyart.prefab
  artifactKey: Guid(45288819fde2143449a96207b14db0bb) Importer(815301076,1909f56bfc062723c751e8b465ee728b)
Start importing Assets/prefab/DogPolyart.prefab using Guid(45288819fde2143449a96207b14db0bb) Importer(815301076,1909f56bfc062723c751e8b465ee728b)  -> (artifact id: '1f4747fd2806da75f7206baf3e9b1d42') in 0.032569 seconds
  Import took 0.035310 seconds .

========================================================================
Received Prepare
Registering precompiled user dll's ...
Registered in 0.002676 seconds.
Begin MonoManager ReloadAssembly
Native extension for WindowsStandalone target not found
Refreshing native plugins compatible for Editor in 0.52 ms, found 2 plugins.
Preloading 0 native plugins for Editor in 0.00 ms.
Mono: successfully reloaded assembly
- Completed reload, in  0.916 seconds
Platform modules already initialized, skipping
Refreshing native plugins compatible for Editor in 0.47 ms, found 2 plugins.
Preloading 0 native plugins for Editor in 0.00 ms.
Unloading 1411 Unused Serialized files (Serialized files now loaded: 0)
System memory in use before: 73.3 MB.
System memory in use after: 73.4 MB.

Unloading 16 unused Assets to reduce memory usage. Loaded Objects now: 1912.
Total: 2.039600 ms (FindLiveObjects: 0.245700 ms CreateObjectMapping: 0.055500 ms MarkObjects: 1.677900 ms  DeleteObjects: 0.059500 ms)

========================================================================
Received Import Request.
  Time since last request: 15.216864 seconds.
  path: Assets/Scripts/AttackAnim.cs
  artifactKey: Guid(e60b18b6406a4ed45b3916a62343fee0) Importer(815301076,1909f56bfc062723c751e8b465ee728b)
Start importing Assets/Scripts/AttackAnim.cs using Guid(e60b18b6406a4ed45b3916a62343fee0) Importer(815301076,1909f56bfc062723c751e8b465ee728b)  -> (artifact id: '613aa3c1990304a1aaa662008ab6b780') in 0.017705 seconds
  Import took 0.020471 seconds .

========================================================================
Received Prepare
Registering precompiled user dll's ...
Registered in 0.003090 seconds.
Begin MonoManager ReloadAssembly
Native extension for WindowsStandalone target not found
Refreshing native plugins compatible for Editor in 0.72 ms, found 2 plugins.
Preloading 0 native plugins for Editor in 0.00 ms.
Mono: successfully reloaded assembly
- Completed reload, in  0.910 seconds
Platform modules already initialized, skipping
Refreshing native plugins compatible for Editor in 0.47 ms, found 2 plugins.
Preloading 0 native plugins for Editor in 0.00 ms.
Unloading 1410 Unused Serialized files (Serialized files now loaded: 0)
System memory in use before: 73.3 MB.
System memory in use after: 73.4 MB.

Unloading 16 unused Assets to reduce memory usage. Loaded Objects now: 1914.
Total: 2.065900 ms (FindLiveObjects: 0.158700 ms CreateObjectMapping: 0.043800 ms MarkObjects: 1.767900 ms  DeleteObjects: 0.094100 ms)

========================================================================
Received Prepare
Registering precompiled user dll's ...
Registered in 0.003322 seconds.
Begin MonoManager ReloadAssembly
Native extension for WindowsStandalone target not found
Refreshing native plugins compatible for Editor in 0.48 ms, found 2 plugins.
Preloading 0 native plugins for Editor in 0.00 ms.
Mono: successfully reloaded assembly
- Completed reload, in  0.907 seconds
Platform modules already initialized, skipping
Refreshing native plugins compatible for Editor in 0.47 ms, found 2 plugins.
Preloading 0 native plugins for Editor in 0.00 ms.
Unloading 1409 Unused Serialized files (Serialized files now loaded: 0)
System memory in use before: 73.3 MB.
System memory in use after: 73.4 MB.

Unloading 16 unused Assets to reduce memory usage. Loaded Objects now: 1916.
Total: 1.902600 ms (FindLiveObjects: 0.133700 ms CreateObjectMapping: 0.038900 ms MarkObjects: 1.670200 ms  DeleteObjects: 0.058500 ms)

AssetImportWorkerClient::OnTransportError - code=2 error=End of file
