Using pre-set license
Built from '2020.3/staging' branch; Version is '2020.3.9f1 (108be757e447) revision 1084391'; Using compiler version '192528614'; Build Type 'Release'
OS: 'Windows 10 Pro; OS build 19042.1110; Version 2009; 64bit' Language: 'ru' Physical Memory: 16322 MB
BatchMode: 1, IsHumanControllingUs: 0, StartBugReporterOnCrash: 0, Is64bit: 1, IsPro: 0

 COMMAND LINE ARGUMENTS:
C:\Program Files\Unity\Hub\Editor\2020.3.9f1\Editor\Unity.exe
-adb2
-batchMode
-noUpm
-name
AssetImportWorker0
-projectPath
A:/Reactive Unity Games/MMO-RPG
-logFile
Logs/AssetImportWorker0.log
-srvPort
32797
Successfully changed project path to: A:/Reactive Unity Games/MMO-RPG
A:/Reactive Unity Games/MMO-RPG
Using Asset Import Pipeline V2.
Refreshing native plugins compatible for Editor in 54.21 ms, found 2 plugins.
Preloading 0 native plugins for Editor in 0.00 ms.
Initialize engine version: 2020.3.9f1 (108be757e447)
[Subsystems] Discovering subsystems at path C:/Program Files/Unity/Hub/Editor/2020.3.9f1/Editor/Data/Resources/UnitySubsystems
[Subsystems] Discovering subsystems at path A:/Reactive Unity Games/MMO-RPG/Assets
GfxDevice: creating device client; threaded=0
Direct3D:
    Version:  Direct3D 11.0 [level 11.1]
    Renderer: NVIDIA GeForce GTX 1050 (ID=0x1c81)
    Vendor:   
    VRAM:     1977 MB
    Driver:   30.0.14.7111
Initialize mono
Mono path[0] = 'C:/Program Files/Unity/Hub/Editor/2020.3.9f1/Editor/Data/Managed'
Mono path[1] = 'C:/Program Files/Unity/Hub/Editor/2020.3.9f1/Editor/Data/MonoBleedingEdge/lib/mono/unityjit'
Mono config path = 'C:/Program Files/Unity/Hub/Editor/2020.3.9f1/Editor/Data/MonoBleedingEdge/etc'
Using monoOptions --debugger-agent=transport=dt_socket,embedding=1,server=y,suspend=n,address=127.0.0.1:56048
Begin MonoManager ReloadAssembly
Registering precompiled unity dll's ...
Register platform support module: C:/Program Files/Unity/Hub/Editor/2020.3.9f1/Editor/Data/PlaybackEngines/WindowsStandaloneSupport/UnityEditor.WindowsStandalone.Extensions.dll
Registered in 0.003476 seconds.
Native extension for WindowsStandalone target not found
Refreshing native plugins compatible for Editor in 59.13 ms, found 2 plugins.
Preloading 0 native plugins for Editor in 0.00 ms.
Mono: successfully reloaded assembly
- Completed reload, in  3.045 seconds
Platform modules already initialized, skipping
Registering precompiled user dll's ...
Registered in 0.003386 seconds.
Begin MonoManager ReloadAssembly
Native extension for WindowsStandalone target not found
Refreshing native plugins compatible for Editor in 0.54 ms, found 2 plugins.
Preloading 0 native plugins for Editor in 0.00 ms.
Mono: successfully reloaded assembly
- Completed reload, in  1.065 seconds
Platform modules already initialized, skipping
========================================================================
Worker process is ready to serve import requests
Launched and connected shader compiler UnityShaderCompiler.exe after 0.06 seconds
Refreshing native plugins compatible for Editor in 0.54 ms, found 2 plugins.
Preloading 0 native plugins for Editor in 0.00 ms.
Unloading 1529 Unused Serialized files (Serialized files now loaded: 0)
System memory in use before: 79.0 MB.
System memory in use after: 79.0 MB.

Unloading 20 unused Assets to reduce memory usage. Loaded Objects now: 1978.
Total: 1.821100 ms (FindLiveObjects: 0.157400 ms CreateObjectMapping: 0.052400 ms MarkObjects: 1.515600 ms  DeleteObjects: 0.094700 ms)

========================================================================
Received Import Request.
  path: Assets/Scripts/Enemy/Enemy.cs
  artifactKey: Guid(e84e1b59f94bdf145b08e1dae7757118) Importer(815301076,1909f56bfc062723c751e8b465ee728b)
Start importing Assets/Scripts/Enemy/Enemy.cs using Guid(e84e1b59f94bdf145b08e1dae7757118) Importer(815301076,1909f56bfc062723c751e8b465ee728b)  -> (artifact id: '567189987dee524425067c30c2354e25') in 0.040758 seconds
  Import took 0.044261 seconds .

========================================================================
Received Import Request.
  Time since last request: 0.215695 seconds.
  path: Assets/Scripts/Health.cs
  artifactKey: Guid(f48712cb1b8bedc4380a7cc6dc735fae) Importer(815301076,1909f56bfc062723c751e8b465ee728b)
Start importing Assets/Scripts/Health.cs using Guid(f48712cb1b8bedc4380a7cc6dc735fae) Importer(815301076,1909f56bfc062723c751e8b465ee728b)  -> (artifact id: '85612051146091526364735e3f756cb6') in 0.003611 seconds
  Import took 0.006819 seconds .

========================================================================
Received Import Request.
  Time since last request: 0.000654 seconds.
  path: Assets/Scripts/Health.cs
  artifactKey: Guid(f48712cb1b8bedc4380a7cc6dc735fae) Importer(815301076,1909f56bfc062723c751e8b465ee728b)
Start importing Assets/Scripts/Health.cs using Guid(f48712cb1b8bedc4380a7cc6dc735fae) Importer(815301076,1909f56bfc062723c751e8b465ee728b)  -> (artifact id: '85612051146091526364735e3f756cb6') in 0.004169 seconds
  Import took 0.006907 seconds .

========================================================================
Received Import Request.
  Time since last request: 152.387486 seconds.
  path: Assets/Scripts/Health.cs
  artifactKey: Guid(f48712cb1b8bedc4380a7cc6dc735fae) Importer(815301076,1909f56bfc062723c751e8b465ee728b)
Start importing Assets/Scripts/Health.cs using Guid(f48712cb1b8bedc4380a7cc6dc735fae) Importer(815301076,1909f56bfc062723c751e8b465ee728b)  -> (artifact id: 'd27be640cc4ae2718daef456afd04663') in 0.004030 seconds
  Import took 0.007683 seconds .

========================================================================
Received Import Request.
  Time since last request: 21.606356 seconds.
  path: Assets/Scripts/Health.cs
  artifactKey: Guid(f48712cb1b8bedc4380a7cc6dc735fae) Importer(815301076,1909f56bfc062723c751e8b465ee728b)
Start importing Assets/Scripts/Health.cs using Guid(f48712cb1b8bedc4380a7cc6dc735fae) Importer(815301076,1909f56bfc062723c751e8b465ee728b)  -> (artifact id: '53dc6f329cfb0803fa740056b685952f') in 0.005754 seconds
  Import took 0.008744 seconds .

========================================================================
Received Import Request.
  Time since last request: 0.007068 seconds.
  path: Assets/Scripts/Health.cs
  artifactKey: Guid(f48712cb1b8bedc4380a7cc6dc735fae) Importer(815301076,1909f56bfc062723c751e8b465ee728b)
Start importing Assets/Scripts/Health.cs using Guid(f48712cb1b8bedc4380a7cc6dc735fae) Importer(815301076,1909f56bfc062723c751e8b465ee728b)  -> (artifact id: '53dc6f329cfb0803fa740056b685952f') in 0.004108 seconds
  Import took 0.007496 seconds .

========================================================================
Received Import Request.
  Time since last request: 18.299466 seconds.
  path: Assets/Scripts/Health.cs
  artifactKey: Guid(f48712cb1b8bedc4380a7cc6dc735fae) Importer(815301076,1909f56bfc062723c751e8b465ee728b)
Start importing Assets/Scripts/Health.cs using Guid(f48712cb1b8bedc4380a7cc6dc735fae) Importer(815301076,1909f56bfc062723c751e8b465ee728b)  -> (artifact id: '2131be4f2712840dd778a4df517ee38b') in 0.003725 seconds
  Import took 0.007080 seconds .

========================================================================
Received Import Request.
  Time since last request: 20.858245 seconds.
  path: Assets/Scripts/Health.cs
  artifactKey: Guid(f48712cb1b8bedc4380a7cc6dc735fae) Importer(815301076,1909f56bfc062723c751e8b465ee728b)
Start importing Assets/Scripts/Health.cs using Guid(f48712cb1b8bedc4380a7cc6dc735fae) Importer(815301076,1909f56bfc062723c751e8b465ee728b)  -> (artifact id: 'ebd6342040e62c4447826e0192e3ce12') in 0.006318 seconds
  Import took 0.009026 seconds .

========================================================================
Received Import Request.
  Time since last request: 5.531571 seconds.
  path: Assets/Scripts/Health.cs
  artifactKey: Guid(f48712cb1b8bedc4380a7cc6dc735fae) Importer(815301076,1909f56bfc062723c751e8b465ee728b)
Start importing Assets/Scripts/Health.cs using Guid(f48712cb1b8bedc4380a7cc6dc735fae) Importer(815301076,1909f56bfc062723c751e8b465ee728b)  -> (artifact id: 'b893fe49a4d172bb4bb4ece11b7bbfda') in 0.004835 seconds
  Import took 0.007363 seconds .

========================================================================
Received Import Request.
  Time since last request: 73.280981 seconds.
  path: Assets/Scripts/Health.cs
  artifactKey: Guid(f48712cb1b8bedc4380a7cc6dc735fae) Importer(815301076,1909f56bfc062723c751e8b465ee728b)
Start importing Assets/Scripts/Health.cs using Guid(f48712cb1b8bedc4380a7cc6dc735fae) Importer(815301076,1909f56bfc062723c751e8b465ee728b)  -> (artifact id: 'fd30e9000c98a7acc87e247d610e28fe') in 0.009144 seconds
  Import took 0.012026 seconds .

========================================================================
Received Import Request.
  Time since last request: 0.001938 seconds.
  path: Assets/Scripts/Health.cs
  artifactKey: Guid(f48712cb1b8bedc4380a7cc6dc735fae) Importer(815301076,1909f56bfc062723c751e8b465ee728b)
Start importing Assets/Scripts/Health.cs using Guid(f48712cb1b8bedc4380a7cc6dc735fae) Importer(815301076,1909f56bfc062723c751e8b465ee728b)  -> (artifact id: 'fd30e9000c98a7acc87e247d610e28fe') in 0.003385 seconds
  Import took 0.007797 seconds .

========================================================================
Received Import Request.
  Time since last request: 153.895673 seconds.
  path: Assets/Scripts/Health.cs
  artifactKey: Guid(f48712cb1b8bedc4380a7cc6dc735fae) Importer(815301076,1909f56bfc062723c751e8b465ee728b)
Start importing Assets/Scripts/Health.cs using Guid(f48712cb1b8bedc4380a7cc6dc735fae) Importer(815301076,1909f56bfc062723c751e8b465ee728b)  -> (artifact id: 'eab21097cdf54cc087be89cbc7a4b5b3') in 0.005446 seconds
  Import took 0.008570 seconds .

========================================================================
Received Import Request.
  Time since last request: 43.413696 seconds.
  path: Assets/Scripts/Health.cs
  artifactKey: Guid(f48712cb1b8bedc4380a7cc6dc735fae) Importer(815301076,1909f56bfc062723c751e8b465ee728b)
Start importing Assets/Scripts/Health.cs using Guid(f48712cb1b8bedc4380a7cc6dc735fae) Importer(815301076,1909f56bfc062723c751e8b465ee728b)  -> (artifact id: '3c684b8964484623fb788ec9f34dd903') in 0.006226 seconds
  Import took 0.009399 seconds .

========================================================================
Received Import Request.
  Time since last request: 13.938746 seconds.
  path: Assets/Scripts/Health.cs
  artifactKey: Guid(f48712cb1b8bedc4380a7cc6dc735fae) Importer(815301076,1909f56bfc062723c751e8b465ee728b)
Start importing Assets/Scripts/Health.cs using Guid(f48712cb1b8bedc4380a7cc6dc735fae) Importer(815301076,1909f56bfc062723c751e8b465ee728b)  -> (artifact id: '5432bb0f7cb000549a9991c202e10398') in 0.003888 seconds
  Import took 0.006655 seconds .

========================================================================
Received Import Request.
  Time since last request: 14.096971 seconds.
  path: Assets/Scripts/Health.cs
  artifactKey: Guid(f48712cb1b8bedc4380a7cc6dc735fae) Importer(815301076,1909f56bfc062723c751e8b465ee728b)
Start importing Assets/Scripts/Health.cs using Guid(f48712cb1b8bedc4380a7cc6dc735fae) Importer(815301076,1909f56bfc062723c751e8b465ee728b)  -> (artifact id: '6d3247e781ee9ce8758ec0d9d42d9595') in 0.005719 seconds
  Import took 0.008432 seconds .

========================================================================
Received Import Request.
  Time since last request: 58.551583 seconds.
  path: Assets/Scripts/Health.cs
  artifactKey: Guid(f48712cb1b8bedc4380a7cc6dc735fae) Importer(815301076,1909f56bfc062723c751e8b465ee728b)
Start importing Assets/Scripts/Health.cs using Guid(f48712cb1b8bedc4380a7cc6dc735fae) Importer(815301076,1909f56bfc062723c751e8b465ee728b)  -> (artifact id: '2b22dcd76a6ef1f295d424053d487b8f') in 0.003607 seconds
  Import took 0.007031 seconds .

========================================================================
Received Import Request.
  Time since last request: 0.002770 seconds.
  path: Assets/Scripts/Health.cs
  artifactKey: Guid(f48712cb1b8bedc4380a7cc6dc735fae) Importer(815301076,1909f56bfc062723c751e8b465ee728b)
Start importing Assets/Scripts/Health.cs using Guid(f48712cb1b8bedc4380a7cc6dc735fae) Importer(815301076,1909f56bfc062723c751e8b465ee728b)  -> (artifact id: '2b22dcd76a6ef1f295d424053d487b8f') in 0.004079 seconds
  Import took 0.008055 seconds .

========================================================================
Received Import Request.
  Time since last request: 21.527571 seconds.
  path: Assets/Scripts/Enemy/EnemyDied.cs
  artifactKey: Guid(a9f60375f9390c342a4986cf6f55426a) Importer(815301076,1909f56bfc062723c751e8b465ee728b)
Start importing Assets/Scripts/Enemy/EnemyDied.cs using Guid(a9f60375f9390c342a4986cf6f55426a) Importer(815301076,1909f56bfc062723c751e8b465ee728b)  -> (artifact id: '49bfa40198e2c819fb40715593c435d1') in 0.004207 seconds
  Import took 0.007788 seconds .

========================================================================
Received Prepare
Registering precompiled user dll's ...
Registered in 0.002891 seconds.
Begin MonoManager ReloadAssembly
Native extension for WindowsStandalone target not found
Refreshing native plugins compatible for Editor in 0.55 ms, found 2 plugins.
Preloading 0 native plugins for Editor in 0.00 ms.
Mono: successfully reloaded assembly
- Completed reload, in  0.977 seconds
Platform modules already initialized, skipping
Refreshing native plugins compatible for Editor in 0.54 ms, found 2 plugins.
Preloading 0 native plugins for Editor in 0.00 ms.
Unloading 1496 Unused Serialized files (Serialized files now loaded: 0)
System memory in use before: 76.1 MB.
System memory in use after: 76.1 MB.

Unloading 15 unused Assets to reduce memory usage. Loaded Objects now: 1982.
Total: 1.923800 ms (FindLiveObjects: 0.173500 ms CreateObjectMapping: 0.052200 ms MarkObjects: 1.614000 ms  DeleteObjects: 0.082900 ms)

========================================================================
Received Import Request.
  Time since last request: 53.222444 seconds.
  path: Assets/Scripts/Enemy/EnemyDied.cs
  artifactKey: Guid(a9f60375f9390c342a4986cf6f55426a) Importer(815301076,1909f56bfc062723c751e8b465ee728b)
Start importing Assets/Scripts/Enemy/EnemyDied.cs using Guid(a9f60375f9390c342a4986cf6f55426a) Importer(815301076,1909f56bfc062723c751e8b465ee728b)  -> (artifact id: '6e5a0d9fafc2e9e1425ca093ffc2707b') in 0.006275 seconds
  Import took 0.009687 seconds .

========================================================================
Received Prepare
Registering precompiled user dll's ...
Registered in 0.002924 seconds.
Begin MonoManager ReloadAssembly
Native extension for WindowsStandalone target not found
Refreshing native plugins compatible for Editor in 0.57 ms, found 2 plugins.
Preloading 0 native plugins for Editor in 0.00 ms.
Mono: successfully reloaded assembly
- Completed reload, in  1.018 seconds
Platform modules already initialized, skipping
Refreshing native plugins compatible for Editor in 0.57 ms, found 2 plugins.
Preloading 0 native plugins for Editor in 0.00 ms.
Unloading 1496 Unused Serialized files (Serialized files now loaded: 0)
System memory in use before: 76.1 MB.
System memory in use after: 76.2 MB.

Unloading 15 unused Assets to reduce memory usage. Loaded Objects now: 1985.
Total: 2.231800 ms (FindLiveObjects: 0.190600 ms CreateObjectMapping: 0.076500 ms MarkObjects: 1.877100 ms  DeleteObjects: 0.086100 ms)

========================================================================
Received Import Request.
  Time since last request: 96.438070 seconds.
  path: Assets/Scripts/Enemy/EnemyDied.cs
  artifactKey: Guid(a9f60375f9390c342a4986cf6f55426a) Importer(815301076,1909f56bfc062723c751e8b465ee728b)
Start importing Assets/Scripts/Enemy/EnemyDied.cs using Guid(a9f60375f9390c342a4986cf6f55426a) Importer(815301076,1909f56bfc062723c751e8b465ee728b)  -> (artifact id: '683ac254f9a9333b969cceeb72bf773f') in 0.006007 seconds
  Import took 0.008692 seconds .

========================================================================
Received Prepare
Registering precompiled user dll's ...
Registered in 0.004030 seconds.
Begin MonoManager ReloadAssembly
Native extension for WindowsStandalone target not found
Refreshing native plugins compatible for Editor in 0.81 ms, found 2 plugins.
Preloading 0 native plugins for Editor in 0.00 ms.
Mono: successfully reloaded assembly
- Completed reload, in  1.017 seconds
Platform modules already initialized, skipping
Refreshing native plugins compatible for Editor in 0.77 ms, found 2 plugins.
Preloading 0 native plugins for Editor in 0.00 ms.
Unloading 1496 Unused Serialized files (Serialized files now loaded: 0)
System memory in use before: 76.1 MB.
System memory in use after: 76.2 MB.

Unloading 15 unused Assets to reduce memory usage. Loaded Objects now: 1988.
Total: 2.479600 ms (FindLiveObjects: 0.361200 ms CreateObjectMapping: 0.263000 ms MarkObjects: 1.768800 ms  DeleteObjects: 0.085100 ms)

========================================================================
Received Prepare
Registering precompiled user dll's ...
Registered in 0.005901 seconds.
Begin MonoManager ReloadAssembly
Native extension for WindowsStandalone target not found
Refreshing native plugins compatible for Editor in 0.54 ms, found 2 plugins.
Preloading 0 native plugins for Editor in 0.00 ms.
Mono: successfully reloaded assembly
- Completed reload, in  1.069 seconds
Platform modules already initialized, skipping
Refreshing native plugins compatible for Editor in 0.63 ms, found 2 plugins.
Preloading 0 native plugins for Editor in 0.00 ms.
Unloading 1496 Unused Serialized files (Serialized files now loaded: 0)
System memory in use before: 76.1 MB.
System memory in use after: 76.2 MB.

Unloading 15 unused Assets to reduce memory usage. Loaded Objects now: 1991.
Total: 1.899600 ms (FindLiveObjects: 0.154000 ms CreateObjectMapping: 0.048700 ms MarkObjects: 1.627000 ms  DeleteObjects: 0.068600 ms)

========================================================================
Received Prepare
Registering precompiled user dll's ...
Registered in 0.004315 seconds.
Begin MonoManager ReloadAssembly
Native extension for WindowsStandalone target not found
Refreshing native plugins compatible for Editor in 0.56 ms, found 2 plugins.
Preloading 0 native plugins for Editor in 0.00 ms.
Mono: successfully reloaded assembly
- Completed reload, in  1.042 seconds
Platform modules already initialized, skipping
Refreshing native plugins compatible for Editor in 0.61 ms, found 2 plugins.
Preloading 0 native plugins for Editor in 0.00 ms.
Unloading 1496 Unused Serialized files (Serialized files now loaded: 0)
System memory in use before: 76.1 MB.
System memory in use after: 76.2 MB.

Unloading 15 unused Assets to reduce memory usage. Loaded Objects now: 1994.
Total: 1.974700 ms (FindLiveObjects: 0.174300 ms CreateObjectMapping: 0.081500 ms MarkObjects: 1.642200 ms  DeleteObjects: 0.075600 ms)

========================================================================
Received Prepare
Registering precompiled user dll's ...
Registered in 0.003140 seconds.
Begin MonoManager ReloadAssembly
Native extension for WindowsStandalone target not found
Refreshing native plugins compatible for Editor in 0.60 ms, found 2 plugins.
Preloading 0 native plugins for Editor in 0.00 ms.
Mono: successfully reloaded assembly
- Completed reload, in  1.060 seconds
Platform modules already initialized, skipping
Refreshing native plugins compatible for Editor in 0.61 ms, found 2 plugins.
Preloading 0 native plugins for Editor in 0.00 ms.
Unloading 1496 Unused Serialized files (Serialized files now loaded: 0)
System memory in use before: 76.1 MB.
System memory in use after: 76.2 MB.

Unloading 15 unused Assets to reduce memory usage. Loaded Objects now: 1997.
Total: 3.054300 ms (FindLiveObjects: 0.284200 ms CreateObjectMapping: 0.112700 ms MarkObjects: 2.547300 ms  DeleteObjects: 0.108500 ms)

========================================================================
Received Import Request.
  Time since last request: 284.417913 seconds.
  path: Assets/Scripts/Health.cs
  artifactKey: Guid(f48712cb1b8bedc4380a7cc6dc735fae) Importer(815301076,1909f56bfc062723c751e8b465ee728b)
Start importing Assets/Scripts/Health.cs using Guid(f48712cb1b8bedc4380a7cc6dc735fae) Importer(815301076,1909f56bfc062723c751e8b465ee728b)  -> (artifact id: '04ad872ebc380a482bfde3ea87b70dea') in 0.006139 seconds
  Import took 0.009688 seconds .

========================================================================
Received Import Request.
  Time since last request: 0.004155 seconds.
  path: Assets/Scripts/Health.cs
  artifactKey: Guid(f48712cb1b8bedc4380a7cc6dc735fae) Importer(815301076,1909f56bfc062723c751e8b465ee728b)
Start importing Assets/Scripts/Health.cs using Guid(f48712cb1b8bedc4380a7cc6dc735fae) Importer(815301076,1909f56bfc062723c751e8b465ee728b)  -> (artifact id: '04ad872ebc380a482bfde3ea87b70dea') in 0.003395 seconds
  Import took 0.006108 seconds .

========================================================================
Received Prepare
Registering precompiled user dll's ...
Registered in 0.002900 seconds.
Begin MonoManager ReloadAssembly
Native extension for WindowsStandalone target not found
Refreshing native plugins compatible for Editor in 0.56 ms, found 2 plugins.
Preloading 0 native plugins for Editor in 0.00 ms.
Mono: successfully reloaded assembly
- Completed reload, in  0.984 seconds
Platform modules already initialized, skipping
Refreshing native plugins compatible for Editor in 0.64 ms, found 2 plugins.
Preloading 0 native plugins for Editor in 0.00 ms.
Unloading 1496 Unused Serialized files (Serialized files now loaded: 0)
System memory in use before: 76.2 MB.
System memory in use after: 76.2 MB.

Unloading 15 unused Assets to reduce memory usage. Loaded Objects now: 2000.
Total: 1.894300 ms (FindLiveObjects: 0.153800 ms CreateObjectMapping: 0.048400 ms MarkObjects: 1.623100 ms  DeleteObjects: 0.067800 ms)

========================================================================
Received Prepare
Registering precompiled user dll's ...
Registered in 0.002935 seconds.
Begin MonoManager ReloadAssembly
Native extension for WindowsStandalone target not found
Refreshing native plugins compatible for Editor in 0.55 ms, found 2 plugins.
Preloading 0 native plugins for Editor in 0.00 ms.
Mono: successfully reloaded assembly
- Completed reload, in  0.971 seconds
Platform modules already initialized, skipping
Refreshing native plugins compatible for Editor in 0.70 ms, found 2 plugins.
Preloading 0 native plugins for Editor in 0.00 ms.
Unloading 1496 Unused Serialized files (Serialized files now loaded: 0)
System memory in use before: 76.2 MB.
System memory in use after: 76.2 MB.

Unloading 15 unused Assets to reduce memory usage. Loaded Objects now: 2003.
Total: 1.886700 ms (FindLiveObjects: 0.149300 ms CreateObjectMapping: 0.048900 ms MarkObjects: 1.617000 ms  DeleteObjects: 0.070300 ms)

========================================================================
Received Prepare
Registering precompiled user dll's ...
Registered in 0.002900 seconds.
Begin MonoManager ReloadAssembly
Native extension for WindowsStandalone target not found
Refreshing native plugins compatible for Editor in 0.74 ms, found 2 plugins.
Preloading 0 native plugins for Editor in 0.00 ms.
Mono: successfully reloaded assembly
- Completed reload, in  1.100 seconds
Platform modules already initialized, skipping
Refreshing native plugins compatible for Editor in 0.56 ms, found 2 plugins.
Preloading 0 native plugins for Editor in 0.00 ms.
Unloading 1496 Unused Serialized files (Serialized files now loaded: 0)
System memory in use before: 76.2 MB.
System memory in use after: 76.2 MB.

Unloading 15 unused Assets to reduce memory usage. Loaded Objects now: 2006.
Total: 2.202000 ms (FindLiveObjects: 0.182100 ms CreateObjectMapping: 0.056800 ms MarkObjects: 1.891200 ms  DeleteObjects: 0.070700 ms)

========================================================================
Received Prepare
Registering precompiled user dll's ...
Registered in 0.004091 seconds.
Begin MonoManager ReloadAssembly
Native extension for WindowsStandalone target not found
Refreshing native plugins compatible for Editor in 0.61 ms, found 2 plugins.
Preloading 0 native plugins for Editor in 0.00 ms.
Mono: successfully reloaded assembly
- Completed reload, in  0.982 seconds
Platform modules already initialized, skipping
Refreshing native plugins compatible for Editor in 0.56 ms, found 2 plugins.
Preloading 0 native plugins for Editor in 0.00 ms.
Unloading 1496 Unused Serialized files (Serialized files now loaded: 0)
System memory in use before: 76.2 MB.
System memory in use after: 76.2 MB.

Unloading 15 unused Assets to reduce memory usage. Loaded Objects now: 2009.
Total: 2.441400 ms (FindLiveObjects: 0.284800 ms CreateObjectMapping: 0.064100 ms MarkObjects: 1.962600 ms  DeleteObjects: 0.128600 ms)

========================================================================
Received Prepare
Registering precompiled user dll's ...
Registered in 0.003165 seconds.
Begin MonoManager ReloadAssembly
Native extension for WindowsStandalone target not found
Refreshing native plugins compatible for Editor in 0.59 ms, found 2 plugins.
Preloading 0 native plugins for Editor in 0.00 ms.
Mono: successfully reloaded assembly
- Completed reload, in  1.026 seconds
Platform modules already initialized, skipping
Refreshing native plugins compatible for Editor in 0.66 ms, found 2 plugins.
Preloading 0 native plugins for Editor in 0.00 ms.
Unloading 1496 Unused Serialized files (Serialized files now loaded: 0)
System memory in use before: 76.2 MB.
System memory in use after: 76.3 MB.

Unloading 15 unused Assets to reduce memory usage. Loaded Objects now: 2012.
Total: 2.026300 ms (FindLiveObjects: 0.167200 ms CreateObjectMapping: 0.054400 ms MarkObjects: 1.727400 ms  DeleteObjects: 0.076200 ms)

========================================================================
Received Prepare
Registering precompiled user dll's ...
Registered in 0.003638 seconds.
Begin MonoManager ReloadAssembly
Native extension for WindowsStandalone target not found
Refreshing native plugins compatible for Editor in 0.57 ms, found 2 plugins.
Preloading 0 native plugins for Editor in 0.00 ms.
Mono: successfully reloaded assembly
- Completed reload, in  1.011 seconds
Platform modules already initialized, skipping
Refreshing native plugins compatible for Editor in 0.84 ms, found 2 plugins.
Preloading 0 native plugins for Editor in 0.00 ms.
Unloading 1496 Unused Serialized files (Serialized files now loaded: 0)
System memory in use before: 76.2 MB.
System memory in use after: 76.3 MB.

Unloading 15 unused Assets to reduce memory usage. Loaded Objects now: 2015.
Total: 3.407800 ms (FindLiveObjects: 0.341800 ms CreateObjectMapping: 0.092400 ms MarkObjects: 2.897400 ms  DeleteObjects: 0.074500 ms)

========================================================================
Received Prepare
Registering precompiled user dll's ...
Registered in 0.003406 seconds.
Begin MonoManager ReloadAssembly
Native extension for WindowsStandalone target not found
Refreshing native plugins compatible for Editor in 0.55 ms, found 2 plugins.
Preloading 0 native plugins for Editor in 0.00 ms.
Mono: successfully reloaded assembly
- Completed reload, in  1.041 seconds
Platform modules already initialized, skipping
Refreshing native plugins compatible for Editor in 0.64 ms, found 2 plugins.
Preloading 0 native plugins for Editor in 0.00 ms.
Unloading 1496 Unused Serialized files (Serialized files now loaded: 0)
System memory in use before: 76.2 MB.
System memory in use after: 76.3 MB.

Unloading 15 unused Assets to reduce memory usage. Loaded Objects now: 2018.
Total: 2.396700 ms (FindLiveObjects: 0.191000 ms CreateObjectMapping: 0.059500 ms MarkObjects: 2.051100 ms  DeleteObjects: 0.093700 ms)

========================================================================
Received Prepare
Registering precompiled user dll's ...
Registered in 0.002920 seconds.
Begin MonoManager ReloadAssembly
Native extension for WindowsStandalone target not found
Refreshing native plugins compatible for Editor in 0.71 ms, found 2 plugins.
Preloading 0 native plugins for Editor in 0.00 ms.
Mono: successfully reloaded assembly
- Completed reload, in  1.072 seconds
Platform modules already initialized, skipping
Refreshing native plugins compatible for Editor in 0.55 ms, found 2 plugins.
Preloading 0 native plugins for Editor in 0.00 ms.
Unloading 1496 Unused Serialized files (Serialized files now loaded: 0)
System memory in use before: 76.2 MB.
System memory in use after: 76.3 MB.

Unloading 15 unused Assets to reduce memory usage. Loaded Objects now: 2021.
Total: 1.866700 ms (FindLiveObjects: 0.155600 ms CreateObjectMapping: 0.048700 ms MarkObjects: 1.581800 ms  DeleteObjects: 0.079300 ms)

========================================================================
Received Prepare
Registering precompiled user dll's ...
Registered in 0.003184 seconds.
Begin MonoManager ReloadAssembly
Native extension for WindowsStandalone target not found
Refreshing native plugins compatible for Editor in 0.56 ms, found 2 plugins.
Preloading 0 native plugins for Editor in 0.00 ms.
Mono: successfully reloaded assembly
- Completed reload, in  0.980 seconds
Platform modules already initialized, skipping
Refreshing native plugins compatible for Editor in 0.59 ms, found 2 plugins.
Preloading 0 native plugins for Editor in 0.00 ms.
Unloading 1496 Unused Serialized files (Serialized files now loaded: 0)
System memory in use before: 76.2 MB.
System memory in use after: 76.3 MB.

Unloading 15 unused Assets to reduce memory usage. Loaded Objects now: 2024.
Total: 2.178500 ms (FindLiveObjects: 0.206500 ms CreateObjectMapping: 0.061400 ms MarkObjects: 1.829800 ms  DeleteObjects: 0.079500 ms)

========================================================================
Received Prepare
Registering precompiled user dll's ...
Registered in 0.002997 seconds.
Begin MonoManager ReloadAssembly
Native extension for WindowsStandalone target not found
Refreshing native plugins compatible for Editor in 0.59 ms, found 2 plugins.
Preloading 0 native plugins for Editor in 0.00 ms.
Mono: successfully reloaded assembly
- Completed reload, in  0.965 seconds
Platform modules already initialized, skipping
Refreshing native plugins compatible for Editor in 0.57 ms, found 2 plugins.
Preloading 0 native plugins for Editor in 0.00 ms.
Unloading 1496 Unused Serialized files (Serialized files now loaded: 0)
System memory in use before: 76.2 MB.
System memory in use after: 76.3 MB.

Unloading 15 unused Assets to reduce memory usage. Loaded Objects now: 2027.
Total: 2.012300 ms (FindLiveObjects: 0.169400 ms CreateObjectMapping: 0.053100 ms MarkObjects: 1.702300 ms  DeleteObjects: 0.086100 ms)

========================================================================
Received Prepare
Registering precompiled user dll's ...
Registered in 0.003560 seconds.
Begin MonoManager ReloadAssembly
Native extension for WindowsStandalone target not found
Refreshing native plugins compatible for Editor in 0.71 ms, found 2 plugins.
Preloading 0 native plugins for Editor in 0.00 ms.
Mono: successfully reloaded assembly
- Completed reload, in  1.204 seconds
Platform modules already initialized, skipping
Refreshing native plugins compatible for Editor in 0.70 ms, found 2 plugins.
Preloading 0 native plugins for Editor in 0.00 ms.
Unloading 1496 Unused Serialized files (Serialized files now loaded: 0)
System memory in use before: 76.2 MB.
System memory in use after: 76.3 MB.

Unloading 15 unused Assets to reduce memory usage. Loaded Objects now: 2030.
Total: 2.405000 ms (FindLiveObjects: 0.242400 ms CreateObjectMapping: 0.058100 ms MarkObjects: 2.011600 ms  DeleteObjects: 0.091500 ms)

========================================================================
Received Prepare
Registering precompiled user dll's ...
Registered in 0.002834 seconds.
Begin MonoManager ReloadAssembly
Native extension for WindowsStandalone target not found
Refreshing native plugins compatible for Editor in 0.63 ms, found 2 plugins.
Preloading 0 native plugins for Editor in 0.00 ms.
Mono: successfully reloaded assembly
- Completed reload, in  0.995 seconds
Platform modules already initialized, skipping
Refreshing native plugins compatible for Editor in 0.68 ms, found 2 plugins.
Preloading 0 native plugins for Editor in 0.00 ms.
Unloading 1496 Unused Serialized files (Serialized files now loaded: 0)
System memory in use before: 76.1 MB.
System memory in use after: 76.2 MB.

Unloading 15 unused Assets to reduce memory usage. Loaded Objects now: 2033.
Total: 1.919500 ms (FindLiveObjects: 0.161900 ms CreateObjectMapping: 0.050900 ms MarkObjects: 1.632900 ms  DeleteObjects: 0.072900 ms)

========================================================================
Received Prepare
Registering precompiled user dll's ...
Registered in 0.002934 seconds.
Begin MonoManager ReloadAssembly
Native extension for WindowsStandalone target not found
Refreshing native plugins compatible for Editor in 0.79 ms, found 2 plugins.
Preloading 0 native plugins for Editor in 0.00 ms.
Mono: successfully reloaded assembly
- Completed reload, in  0.969 seconds
Platform modules already initialized, skipping
Refreshing native plugins compatible for Editor in 0.57 ms, found 2 plugins.
Preloading 0 native plugins for Editor in 0.00 ms.
Unloading 1496 Unused Serialized files (Serialized files now loaded: 0)
System memory in use before: 76.1 MB.
System memory in use after: 76.2 MB.

Unloading 15 unused Assets to reduce memory usage. Loaded Objects now: 2036.
Total: 1.909800 ms (FindLiveObjects: 0.149700 ms CreateObjectMapping: 0.048400 ms MarkObjects: 1.642100 ms  DeleteObjects: 0.068700 ms)

========================================================================
Received Prepare
Registering precompiled user dll's ...
Registered in 0.003123 seconds.
Begin MonoManager ReloadAssembly
Native extension for WindowsStandalone target not found
Refreshing native plugins compatible for Editor in 0.57 ms, found 2 plugins.
Preloading 0 native plugins for Editor in 0.00 ms.
Mono: successfully reloaded assembly
- Completed reload, in  1.038 seconds
Platform modules already initialized, skipping
Refreshing native plugins compatible for Editor in 0.59 ms, found 2 plugins.
Preloading 0 native plugins for Editor in 0.00 ms.
Unloading 1496 Unused Serialized files (Serialized files now loaded: 0)
System memory in use before: 76.1 MB.
System memory in use after: 76.2 MB.

Unloading 15 unused Assets to reduce memory usage. Loaded Objects now: 2039.
Total: 2.605700 ms (FindLiveObjects: 0.173800 ms CreateObjectMapping: 0.089900 ms MarkObjects: 2.268300 ms  DeleteObjects: 0.072400 ms)

========================================================================
Received Prepare
Registering precompiled user dll's ...
Registered in 0.003367 seconds.
Begin MonoManager ReloadAssembly
Native extension for WindowsStandalone target not found
Refreshing native plugins compatible for Editor in 0.57 ms, found 2 plugins.
Preloading 0 native plugins for Editor in 0.00 ms.
Mono: successfully reloaded assembly
- Completed reload, in  0.999 seconds
Platform modules already initialized, skipping
Refreshing native plugins compatible for Editor in 0.54 ms, found 2 plugins.
Preloading 0 native plugins for Editor in 0.00 ms.
Unloading 1496 Unused Serialized files (Serialized files now loaded: 0)
System memory in use before: 76.2 MB.
System memory in use after: 76.2 MB.

Unloading 15 unused Assets to reduce memory usage. Loaded Objects now: 2042.
Total: 3.569000 ms (FindLiveObjects: 0.359300 ms CreateObjectMapping: 0.104900 ms MarkObjects: 3.019300 ms  DeleteObjects: 0.083800 ms)

